[33m[01m[05m[ You are changing the branch: lab2-2-Extra ][0m
Autotest: Begin at Thu Apr 21 16:07:58 CST 2022
Begin build at Thu Apr 21 16:07:59 CST 2022
Cleanning the project.................

for d in boot drivers init lib mm;	\
	do					\
		make --directory=$d clean; \
	done; \
rm -rf *.o *~ gxemul/vmlinux
make[1]: Entering directory '/usr/src/workdir/boot'
rm -rf *~ *.o
make[1]: Leaving directory '/usr/src/workdir/boot'
make[1]: Entering directory '/usr/src/workdir/drivers'
for d in gxconsole; \
	do				\
		make --directory=$d clean; \
	done
make[2]: Entering directory '/usr/src/workdir/drivers/gxconsole'
rm -rf *.o *~
make[2]: Leaving directory '/usr/src/workdir/drivers/gxconsole'
make[1]: Leaving directory '/usr/src/workdir/drivers'
make[1]: Entering directory '/usr/src/workdir/init'
rm -rf *~ *.o
make[1]: Leaving directory '/usr/src/workdir/init'
make[1]: Entering directory '/usr/src/workdir/lib'
rm -rf *~ *.o
make[1]: Leaving directory '/usr/src/workdir/lib'
make[1]: Entering directory '/usr/src/workdir/mm'
rm -rf *~ *.o
make[1]: Leaving directory '/usr/src/workdir/mm'

Building the project..................

make --directory=boot
make[1]: Entering directory '/usr/src/workdir/boot'
/OSLAB/compiler/usr/bin/mips_4KC-gcc -mips2 -O -G 0 -mno-abicalls -fno-builtin -Wa,-xgot -Wall -fPIC -I../include/ -c start.S 
make[1]: Leaving directory '/usr/src/workdir/boot'
make --directory=drivers
make[1]: Entering directory '/usr/src/workdir/drivers'
make --directory=gxconsole
make[2]: Entering directory '/usr/src/workdir/drivers/gxconsole'
/OSLAB/compiler/usr/bin/mips_4KC-gcc -mips2 -O -G 0 -mno-abicalls -fno-builtin -Wa,-xgot -Wall -fPIC   -c -o console.o console.c
make[2]: Leaving directory '/usr/src/workdir/drivers/gxconsole'
make[1]: Leaving directory '/usr/src/workdir/drivers'
make --directory=init
make[1]: Entering directory '/usr/src/workdir/init'
/OSLAB/compiler/usr/bin/mips_4KC-gcc -mips2 -O -G 0 -mno-abicalls -fno-builtin -Wa,-xgot -Wall -fPIC -I../include -c init.c
init.c: In function 'page_migrate_test':
init.c:74: warning: initialization makes pointer from integer without a cast
init.c:88: warning: initialization makes pointer from integer without a cast
/OSLAB/compiler/usr/bin/mips_4KC-gcc -mips2 -O -G 0 -mno-abicalls -fno-builtin -Wa,-xgot -Wall -fPIC -I../include -c main.c
make[1]: Leaving directory '/usr/src/workdir/init'
make --directory=lib
make[1]: Entering directory '/usr/src/workdir/lib'
/OSLAB/compiler/usr/bin/mips_4KC-gcc -mips2 -O -G 0 -mno-abicalls -fno-builtin -Wa,-xgot -Wall -fPIC -I./ -I../ -I../include/ -c print.c
print.c: In function 'lp_Print':
print.c:53: warning: 'width' may be used uninitialized in this function
print.c:56: warning: 'padc' may be used uninitialized in this function
print.c:55: warning: 'ladjust' may be used uninitialized in this function
/OSLAB/compiler/usr/bin/mips_4KC-gcc -mips2 -O -G 0 -mno-abicalls -fno-builtin -Wa,-xgot -Wall -fPIC -I./ -I../ -I../include/ -c printf.c
/OSLAB/compiler/usr/bin/mips_4KC-gcc -mips2 -O -G 0 -mno-abicalls -fno-builtin -Wa,-xgot -Wall -fPIC -I./ -I../ -I../include/ -c env.c
/OSLAB/compiler/usr/bin/mips_4KC-gcc -mips2 -O -G 0 -mno-abicalls -fno-builtin -Wa,-xgot -Wall -fPIC -I./ -I../ -I../include/ -c genex.S
genex.S: Assembler messages:
genex.S:53: Warning: .ent or .aent not in text section.
genex.S:69: Warning: .end not in text section
genex.S:75: Warning: .ent or .aent not in text section.
genex.S:76: Warning: .end not in text section
genex.S:80: Warning: .ent or .aent not in text section.
genex.S:146: Warning: .end not in text section
genex.S:150: Warning: .ent or .aent not in text section.
genex.S:150: Warning: .end not in text section
genex.S:151: Warning: .ent or .aent not in text section.
genex.S:151: Warning: .end not in text section
make[1]: Leaving directory '/usr/src/workdir/lib'
make --directory=mm
make[1]: Entering directory '/usr/src/workdir/mm'
/OSLAB/compiler/usr/bin/mips_4KC-gcc -mips2 -O -G 0 -mno-abicalls -fno-builtin -Wa,-xgot -Wall -fPIC -I./ -I../ -I../include/ -c pmap.c
pmap.c: In function 'boot_map_segment':
pmap.c:133: warning: unused variable 'va_temp'
pmap.c: In function 'page_alloc':
pmap.c:254: warning: passing argument 1 of 'bzero' makes pointer from integer without a cast
pmap.c: In function 'fast_page_alloc':
pmap.c:273: warning: passing argument 1 of 'bzero' makes pointer from integer without a cast
pmap.c: In function 'page_migrate':
pmap.c:320: warning: passing argument 1 of 'bcopy' makes pointer from integer without a cast
pmap.c:320: warning: passing argument 2 of 'bcopy' makes pointer from integer without a cast
pmap.c:331: warning: implicit declaration of function 'extra_page_insert'
pmap.c: In function 'extra_page_insert':
pmap.c:349: error: 'struct Page' has no member named 'ref'
pmap.c: In function 'inverted_page_lookup':
pmap.c:524: warning: initialization makes pointer from integer without a cast
make[1]: *** [Makefile:4: pmap.o] Error 1
make[1]: Leaving directory '/usr/src/workdir/mm'
make: *** [Makefile:33: mm] Error 2

End build at Thu Apr 21 16:08:03 CST 2022
[31m[01m[ Other error! ][0m
[33m[01m[ You got 0 (of 100) this time. Thu Apr 21 16:08:04 CST 2022 ][0m
Autotest: End at Thu Apr 21 16:08:04 CST 2022
