[33m[01m[05m[ You are changing the branch: lab0 ][0m
Autotest: Begin at Sun Mar 13 00:35:07 CST 2022
[33m[01m[ (1)Start to test exercise0.1(4) ][0m
[32m[ You have passed exercise0.1(4) ][0m
[33m[01m[ (2)Start to test exercise0.1(3) ][0m
[31m[01m[ You have not passed bash exercise0.1(3) 1/2 ][0m
[31m[01m[ You have not passed bash exercise0.1(3) 2/2 ][0m
[33m[01m[ (3)Start to test exercise0.1(2) ][0m
gcc palindrome.c -o palindrome
[32m[ palindrome found. You have passed exercise0.1(2). ][0m
[33m[01m[ (4)Start to test exercise0.1(1) ][0m
[32m[ You have passed palindrome exercise0.1(1) 1/3 ][0m
[32m[ You have passed palindrome exercise0.1(1) 2/3 ][0m
[32m[ You have passed palindrome exercise0.1(1) 3/3 ][0m
[33m[01m[ (5)Start to test exercise0.2 ][0m
rm: cannot remove 'file71': Is a directory
rm: cannot remove 'file72': Is a directory
rm: cannot remove 'file73': Is a directory
rm: cannot remove 'file74': Is a directory
rm: cannot remove 'file75': Is a directory
rm: cannot remove 'file76': Is a directory
rm: cannot remove 'file77': Is a directory
rm: cannot remove 'file78': Is a directory
rm: cannot remove 'file79': Is a directory
rm: cannot remove 'file80': Is a directory
rm: cannot remove 'file81': Is a directory
rm: cannot remove 'file82': Is a directory
rm: cannot remove 'file83': Is a directory
rm: cannot remove 'file84': Is a directory
rm: cannot remove 'file85': Is a directory
rm: cannot remove 'file86': Is a directory
rm: cannot remove 'file87': Is a directory
rm: cannot remove 'file88': Is a directory
rm: cannot remove 'file89': Is a directory
rm: cannot remove 'file90': Is a directory
rm: cannot remove 'file91': Is a directory
rm: cannot remove 'file92': Is a directory
rm: cannot remove 'file93': Is a directory
rm: cannot remove 'file94': Is a directory
rm: cannot remove 'file95': Is a directory
rm: cannot remove 'file96': Is a directory
rm: cannot remove 'file97': Is a directory
rm: cannot remove 'file98': Is a directory
rm: cannot remove 'file99': Is a directory
rm: cannot remove 'file100': Is a directory
[32m[ File1~40 all exist.You have passed bash exercise0.2 1/3 ][0m
[32m[ Newfile41~70 all exist.You have passed bash exercise0.2 2/3 ][0m
[31m[01m[ File doesn't remove.You have not passed bash exercise0.2 3/3 ][0m
[33m[01m[ (6)Start to test exercise0.3 ][0m
[32m[ You have passed bash exercise0.3 1/2 ][0m
[32m[ You have passed bash exercise0.3 2/2 ][0m
[33m[01m[ (7)Start to test exercise0.4(1) ][0m
[32m[ You have passed bash exercise0.4(1) 1/2 ][0m
[32m[ You have passed bash exercise0.4(1) 2/2 ][0m
[33m[01m[ (8)Start to test exercise0.4(2) ][0m
[32m[ Makefile found. ][0m
make: *** No rule to make target 'code/fibo.h', needed by 'all'.  Stop.
[31m[01m[ cannot find your fibo ][0m
[33m[01m[ You got 71 (of 100) this time. Sun Mar 13 00:35:17 CST 2022 ][0m
Autotest: End at Sun Mar 13 00:35:17 CST 2022
